<?xml version="1.0" encoding="UTF-8"?>
<!-- Generated by org.testng.reporters.JUnitXMLReporter -->
<testsuite ignored="0" hostname="BDC7-L-1346QQM" failures="0" tests="6" name="Default test" time="162.766" errors="0" timestamp="2021-12-10T11:44:56 IST">
  <testcase classname="demoDataDrivenTesting.ExcelExample" name="demoClass" time="28.306"/>
  <testcase classname="demoDataDrivenTesting.ExcelExample" name="demoClass" time="27.263"/>
  <testcase classname="demoDataDrivenTesting.ExcelExample" name="demoClass" time="25.419"/>
  <testcase classname="demoDataDrivenTesting.ExcelExample" name="demoClass" time="27.319"/>
  <testcase classname="demoDataDrivenTesting.ExcelExample" name="demoClass" time="24.918"/>
  <testcase classname="demoDataDrivenTesting.ExcelExample" name="demoClass" time="24.91"/>
</testsuite> <!-- Default test -->
