<?xml version="1.0" encoding="UTF-8"?>
<testng-results ignored="0" total="1" passed="1" failed="0" skipped="0">
  <reporter-output>
  </reporter-output>
  <suite started-at="2021-12-12T09:08:03 IST" name="Default suite" finished-at="2021-12-12T09:08:18 IST" duration-ms="15568">
    <groups>
    </groups>
    <test started-at="2021-12-12T09:08:03 IST" name="Default test" finished-at="2021-12-12T09:08:18 IST" duration-ms="15568">
      <class name="demoExtentReport.ExtentDemo">
        <test-method is-config="true" signature="startTest()[pri:0, instance:demoExtentReport.ExtentDemo@3a44431a]" started-at="2021-12-12T09:08:03 IST" name="startTest" finished-at="2021-12-12T09:08:03 IST" duration-ms="370" status="PASS">
          <reporter-output>
          </reporter-output>
        </test-method> <!-- startTest -->
        <test-method signature="extentReportsDemo()[pri:0, instance:demoExtentReport.ExtentDemo@3a44431a]" started-at="2021-12-12T09:08:03 IST" name="extentReportsDemo" finished-at="2021-12-12T09:08:17 IST" duration-ms="14176" status="PASS">
          <reporter-output>
          </reporter-output>
        </test-method> <!-- extentReportsDemo -->
        <test-method is-config="true" signature="endTest()[pri:0, instance:demoExtentReport.ExtentDemo@3a44431a]" started-at="2021-12-12T09:08:18 IST" name="endTest" finished-at="2021-12-12T09:08:18 IST" duration-ms="942" status="PASS">
          <reporter-output>
          </reporter-output>
        </test-method> <!-- endTest -->
      </class> <!-- demoExtentReport.ExtentDemo -->
    </test> <!-- Default test -->
  </suite> <!-- Default suite -->
</testng-results>
